Removed Pin From Net: NetName=A14 Pin=U4-1
Removed Pin From Net: NetName=A12 Pin=U4-2
Removed Pin From Net: NetName=A7 Pin=U4-3
Removed Pin From Net: NetName=A6 Pin=U4-4
Removed Pin From Net: NetName=A5 Pin=U4-5
Removed Pin From Net: NetName=A4 Pin=U4-6
Removed Pin From Net: NetName=A3 Pin=U4-7
Removed Pin From Net: NetName=A2 Pin=U4-8
Removed Pin From Net: NetName=A1 Pin=U4-9
Removed Pin From Net: NetName=A0 Pin=U4-10
Removed Pin From Net: NetName=OD0 Pin=U4-11
Removed Pin From Net: NetName=OD1 Pin=U4-12
Removed Pin From Net: NetName=OD2 Pin=U4-13
Removed Pin From Net: NetName=GND Pin=U4-14
Removed Pin From Net: NetName=OD3 Pin=U4-15
Removed Pin From Net: NetName=OD4 Pin=U4-16
Removed Pin From Net: NetName=OD5 Pin=U4-17
Removed Pin From Net: NetName=OD6 Pin=U4-18
Removed Pin From Net: NetName=OD7 Pin=U4-19
Removed Pin From Net: NetName=A15 Pin=U4-20
Removed Pin From Net: NetName=A10 Pin=U4-21
Removed Pin From Net: NetName=NOE Pin=U4-22
Removed Pin From Net: NetName=A11 Pin=U4-23
Removed Pin From Net: NetName=A9 Pin=U4-24
Removed Pin From Net: NetName=A8 Pin=U4-25
Removed Pin From Net: NetName=A13 Pin=U4-26
Removed Pin From Net: NetName=NWE Pin=U4-27
Removed Pin From Net: NetName=VHI Pin=U4-28
Added Component: Designator=JP7(HDR2.54-LI-14P)
Add component. Clean all parameters for all variants
Add component (AddParameter): Name = "BOM名称"; Value = "14P接插件"; VariantName = "[No Variations]"
Add component (AddParameter): Name = "学习资源"; Value = "www.ooocke.com"; VariantName = "[No Variations]"
Add component (AddParameter): Name = "版权归属"; Value = "源创客"; VariantName = "[No Variations]"
Added Component: Designator=JP8(HDR2.54-LI-14P)
Add component. Clean all parameters for all variants
Add component (AddParameter): Name = "BOM名称"; Value = "14P接插件"; VariantName = "[No Variations]"
Add component (AddParameter): Name = "学习资源"; Value = "www.ooocke.com"; VariantName = "[No Variations]"
Add component (AddParameter): Name = "版权归属"; Value = "源创客"; VariantName = "[No Variations]"
Added Pin To Net: NetName=A14 Pin=JP7-1
Added Pin To Net: NetName=A12 Pin=JP7-2
Added Pin To Net: NetName=A7 Pin=JP7-3
Added Pin To Net: NetName=A6 Pin=JP7-4
Added Pin To Net: NetName=A5 Pin=JP7-5
Added Pin To Net: NetName=A4 Pin=JP7-6
Added Pin To Net: NetName=A3 Pin=JP7-7
Added Pin To Net: NetName=A2 Pin=JP7-8
Added Pin To Net: NetName=A1 Pin=JP7-9
Added Pin To Net: NetName=A0 Pin=JP7-10
Added Pin To Net: NetName=OD0 Pin=JP7-11
Added Pin To Net: NetName=OD1 Pin=JP7-12
Added Pin To Net: NetName=OD2 Pin=JP7-13
Added Pin To Net: NetName=GND Pin=JP7-14
Added Pin To Net: NetName=OD3 Pin=JP8-1
Added Pin To Net: NetName=OD4 Pin=JP8-2
Added Pin To Net: NetName=OD5 Pin=JP8-3
Added Pin To Net: NetName=OD6 Pin=JP8-4
Added Pin To Net: NetName=OD7 Pin=JP8-5
Added Pin To Net: NetName=A15 Pin=JP8-6
Added Pin To Net: NetName=A10 Pin=JP8-7
Added Pin To Net: NetName=NOE Pin=JP8-8
Added Pin To Net: NetName=A11 Pin=JP8-9
Added Pin To Net: NetName=A9 Pin=JP8-10
Added Pin To Net: NetName=A8 Pin=JP8-11
Added Pin To Net: NetName=A13 Pin=JP8-12
Added Pin To Net: NetName=NWE Pin=JP8-13
Added Pin To Net: NetName=VHI Pin=JP8-14
Added Member To Class: ClassName=NSFTC Member=Component JP7 HDR-1X14
Added Member To Class: ClassName=NSFTC Member=Component JP8 HDR-1X14
Added Member To Class: ClassName=NSFTC Member=Component U4 Memory_Anti
